Determining if the pthread_create exist failed with the following output:
Change Dir: /duckietown/catkin_ws/build/apriltags2_ros/CMakeFiles/CMakeTmp

Run Build Command:"/usr/bin/make" "cmTC_1e34a/fast"
/usr/bin/make -f CMakeFiles/cmTC_1e34a.dir/build.make CMakeFiles/cmTC_1e34a.dir/build
make[1]: Entering directory '/duckietown/catkin_ws/build/apriltags2_ros/CMakeFiles/CMakeTmp'
Building C object CMakeFiles/cmTC_1e34a.dir/CheckSymbolExists.c.o
/usr/bin/cc    -o CMakeFiles/cmTC_1e34a.dir/CheckSymbolExists.c.o   -c /duckietown/catkin_ws/build/apriltags2_ros/CMakeFiles/CMakeTmp/CheckSymbolExists.c
Linking C executable cmTC_1e34a
/usr/bin/cmake -E cmake_link_script CMakeFiles/cmTC_1e34a.dir/link.txt --verbose=1
/usr/bin/cc      -rdynamic CMakeFiles/cmTC_1e34a.dir/CheckSymbolExists.c.o  -o cmTC_1e34a 
CMakeFiles/cmTC_1e34a.dir/CheckSymbolExists.c.o: In function `main':
CheckSymbolExists.c:(.text+0x1b): undefined reference to `pthread_create'
collect2: error: ld returned 1 exit status
CMakeFiles/cmTC_1e34a.dir/build.make:97: recipe for target 'cmTC_1e34a' failed
make[1]: *** [cmTC_1e34a] Error 1
make[1]: Leaving directory '/duckietown/catkin_ws/build/apriltags2_ros/CMakeFiles/CMakeTmp'
Makefile:126: recipe for target 'cmTC_1e34a/fast' failed
make: *** [cmTC_1e34a/fast] Error 2

File /duckietown/catkin_ws/build/apriltags2_ros/CMakeFiles/CMakeTmp/CheckSymbolExists.c:
/* */
#include <pthread.h>

int main(int argc, char** argv)
{
  (void)argv;
#ifndef pthread_create
  return ((int*)(&pthread_create))[argc];
#else
  (void)argc;
  return 0;
#endif
}

Determining if the function pthread_create exists in the pthreads failed with the following output:
Change Dir: /duckietown/catkin_ws/build/apriltags2_ros/CMakeFiles/CMakeTmp

Run Build Command:"/usr/bin/make" "cmTC_f79a3/fast"
/usr/bin/make -f CMakeFiles/cmTC_f79a3.dir/build.make CMakeFiles/cmTC_f79a3.dir/build
make[1]: Entering directory '/duckietown/catkin_ws/build/apriltags2_ros/CMakeFiles/CMakeTmp'
Building C object CMakeFiles/cmTC_f79a3.dir/CheckFunctionExists.c.o
/usr/bin/cc   -DCHECK_FUNCTION_EXISTS=pthread_create   -o CMakeFiles/cmTC_f79a3.dir/CheckFunctionExists.c.o   -c /usr/share/cmake-3.10/Modules/CheckFunctionExists.c
Linking C executable cmTC_f79a3
/usr/bin/cmake -E cmake_link_script CMakeFiles/cmTC_f79a3.dir/link.txt --verbose=1
/usr/bin/cc  -DCHECK_FUNCTION_EXISTS=pthread_create    -rdynamic CMakeFiles/cmTC_f79a3.dir/CheckFunctionExists.c.o  -o cmTC_f79a3 -lpthreads 
/usr/bin/ld: cannot find -lpthreads
collect2: error: ld returned 1 exit status
CMakeFiles/cmTC_f79a3.dir/build.make:97: recipe for target 'cmTC_f79a3' failed
make[1]: *** [cmTC_f79a3] Error 1
make[1]: Leaving directory '/duckietown/catkin_ws/build/apriltags2_ros/CMakeFiles/CMakeTmp'
Makefile:126: recipe for target 'cmTC_f79a3/fast' failed
make: *** [cmTC_f79a3/fast] Error 2


