Determining if the pthread_create exist failed with the following output:
Change Dir: /duckietown/catkin_ws/build/pi_camera/CMakeFiles/CMakeTmp

Run Build Command:"/usr/bin/make" "cmTC_5255d/fast"
/usr/bin/make -f CMakeFiles/cmTC_5255d.dir/build.make CMakeFiles/cmTC_5255d.dir/build
make[1]: Entering directory '/duckietown/catkin_ws/build/pi_camera/CMakeFiles/CMakeTmp'
Building C object CMakeFiles/cmTC_5255d.dir/CheckSymbolExists.c.o
/usr/bin/cc    -o CMakeFiles/cmTC_5255d.dir/CheckSymbolExists.c.o   -c /duckietown/catkin_ws/build/pi_camera/CMakeFiles/CMakeTmp/CheckSymbolExists.c
Linking C executable cmTC_5255d
/usr/bin/cmake -E cmake_link_script CMakeFiles/cmTC_5255d.dir/link.txt --verbose=1
/usr/bin/cc      -rdynamic CMakeFiles/cmTC_5255d.dir/CheckSymbolExists.c.o  -o cmTC_5255d 
CMakeFiles/cmTC_5255d.dir/CheckSymbolExists.c.o: In function `main':
CheckSymbolExists.c:(.text+0x1b): undefined reference to `pthread_create'
collect2: error: ld returned 1 exit status
CMakeFiles/cmTC_5255d.dir/build.make:97: recipe for target 'cmTC_5255d' failed
make[1]: *** [cmTC_5255d] Error 1
make[1]: Leaving directory '/duckietown/catkin_ws/build/pi_camera/CMakeFiles/CMakeTmp'
Makefile:126: recipe for target 'cmTC_5255d/fast' failed
make: *** [cmTC_5255d/fast] Error 2

File /duckietown/catkin_ws/build/pi_camera/CMakeFiles/CMakeTmp/CheckSymbolExists.c:
/* */
#include <pthread.h>

int main(int argc, char** argv)
{
  (void)argv;
#ifndef pthread_create
  return ((int*)(&pthread_create))[argc];
#else
  (void)argc;
  return 0;
#endif
}

Determining if the function pthread_create exists in the pthreads failed with the following output:
Change Dir: /duckietown/catkin_ws/build/pi_camera/CMakeFiles/CMakeTmp

Run Build Command:"/usr/bin/make" "cmTC_15529/fast"
/usr/bin/make -f CMakeFiles/cmTC_15529.dir/build.make CMakeFiles/cmTC_15529.dir/build
make[1]: Entering directory '/duckietown/catkin_ws/build/pi_camera/CMakeFiles/CMakeTmp'
Building C object CMakeFiles/cmTC_15529.dir/CheckFunctionExists.c.o
/usr/bin/cc   -DCHECK_FUNCTION_EXISTS=pthread_create   -o CMakeFiles/cmTC_15529.dir/CheckFunctionExists.c.o   -c /usr/share/cmake-3.10/Modules/CheckFunctionExists.c
Linking C executable cmTC_15529
/usr/bin/cmake -E cmake_link_script CMakeFiles/cmTC_15529.dir/link.txt --verbose=1
/usr/bin/cc  -DCHECK_FUNCTION_EXISTS=pthread_create    -rdynamic CMakeFiles/cmTC_15529.dir/CheckFunctionExists.c.o  -o cmTC_15529 -lpthreads 
/usr/bin/ld: cannot find -lpthreads
collect2: error: ld returned 1 exit status
CMakeFiles/cmTC_15529.dir/build.make:97: recipe for target 'cmTC_15529' failed
make[1]: *** [cmTC_15529] Error 1
make[1]: Leaving directory '/duckietown/catkin_ws/build/pi_camera/CMakeFiles/CMakeTmp'
Makefile:126: recipe for target 'cmTC_15529/fast' failed
make: *** [cmTC_15529/fast] Error 2


