Determining if the pthread_create exist failed with the following output:
Change Dir: /duckietown/catkin_ws/build/apriltags_ros/CMakeFiles/CMakeTmp

Run Build Command:"/usr/bin/make" "cmTC_05b50/fast"
/usr/bin/make -f CMakeFiles/cmTC_05b50.dir/build.make CMakeFiles/cmTC_05b50.dir/build
make[1]: Entering directory '/duckietown/catkin_ws/build/apriltags_ros/CMakeFiles/CMakeTmp'
Building C object CMakeFiles/cmTC_05b50.dir/CheckSymbolExists.c.o
/usr/bin/cc    -o CMakeFiles/cmTC_05b50.dir/CheckSymbolExists.c.o   -c /duckietown/catkin_ws/build/apriltags_ros/CMakeFiles/CMakeTmp/CheckSymbolExists.c
Linking C executable cmTC_05b50
/usr/bin/cmake -E cmake_link_script CMakeFiles/cmTC_05b50.dir/link.txt --verbose=1
/usr/bin/cc      -rdynamic CMakeFiles/cmTC_05b50.dir/CheckSymbolExists.c.o  -o cmTC_05b50 
CMakeFiles/cmTC_05b50.dir/CheckSymbolExists.c.o: In function `main':
CheckSymbolExists.c:(.text+0x1b): undefined reference to `pthread_create'
collect2: error: ld returned 1 exit status
CMakeFiles/cmTC_05b50.dir/build.make:97: recipe for target 'cmTC_05b50' failed
make[1]: *** [cmTC_05b50] Error 1
make[1]: Leaving directory '/duckietown/catkin_ws/build/apriltags_ros/CMakeFiles/CMakeTmp'
Makefile:126: recipe for target 'cmTC_05b50/fast' failed
make: *** [cmTC_05b50/fast] Error 2

File /duckietown/catkin_ws/build/apriltags_ros/CMakeFiles/CMakeTmp/CheckSymbolExists.c:
/* */
#include <pthread.h>

int main(int argc, char** argv)
{
  (void)argv;
#ifndef pthread_create
  return ((int*)(&pthread_create))[argc];
#else
  (void)argc;
  return 0;
#endif
}

Determining if the function pthread_create exists in the pthreads failed with the following output:
Change Dir: /duckietown/catkin_ws/build/apriltags_ros/CMakeFiles/CMakeTmp

Run Build Command:"/usr/bin/make" "cmTC_6b3d2/fast"
/usr/bin/make -f CMakeFiles/cmTC_6b3d2.dir/build.make CMakeFiles/cmTC_6b3d2.dir/build
make[1]: Entering directory '/duckietown/catkin_ws/build/apriltags_ros/CMakeFiles/CMakeTmp'
Building C object CMakeFiles/cmTC_6b3d2.dir/CheckFunctionExists.c.o
/usr/bin/cc   -DCHECK_FUNCTION_EXISTS=pthread_create   -o CMakeFiles/cmTC_6b3d2.dir/CheckFunctionExists.c.o   -c /usr/share/cmake-3.10/Modules/CheckFunctionExists.c
Linking C executable cmTC_6b3d2
/usr/bin/cmake -E cmake_link_script CMakeFiles/cmTC_6b3d2.dir/link.txt --verbose=1
/usr/bin/cc  -DCHECK_FUNCTION_EXISTS=pthread_create    -rdynamic CMakeFiles/cmTC_6b3d2.dir/CheckFunctionExists.c.o  -o cmTC_6b3d2 -lpthreads 
/usr/bin/ld: cannot find -lpthreads
collect2: error: ld returned 1 exit status
CMakeFiles/cmTC_6b3d2.dir/build.make:97: recipe for target 'cmTC_6b3d2' failed
make[1]: *** [cmTC_6b3d2] Error 1
make[1]: Leaving directory '/duckietown/catkin_ws/build/apriltags_ros/CMakeFiles/CMakeTmp'
Makefile:126: recipe for target 'cmTC_6b3d2/fast' failed
make: *** [cmTC_6b3d2/fast] Error 2


